09:33:17.997 logback [main] INFO  com.example.demo.DemoApplication - Starting DemoApplication on LAPTOP-V92G2TFM with PID 7480 (D:\develop\qxproject\target\classes started by tqy in D:\develop\qxproject)
09:33:18.002 logback [main] INFO  com.example.demo.DemoApplication - No active profile set, falling back to default profiles: default
09:33:19.598 logback [main] INFO  o.s.b.w.e.tomcat.TomcatWebServer - Tomcat initialized with port(s): 8080 (http)
09:33:19.613 logback [main] INFO  o.a.coyote.http11.Http11NioProtocol - Initializing ProtocolHandler ["http-nio-8080"]
09:33:19.624 logback [main] INFO  o.a.catalina.core.StandardService - Starting service [Tomcat]
09:33:19.624 logback [main] INFO  o.a.catalina.core.StandardEngine - Starting Servlet engine: [Apache Tomcat/9.0.17]
09:33:19.725 logback [main] INFO  o.a.c.c.C.[Tomcat].[localhost].[/] - Initializing Spring embedded WebApplicationContext
09:33:19.725 logback [main] INFO  o.s.web.context.ContextLoader - Root WebApplicationContext: initialization completed in 1660 ms
09:33:20.437 logback [main] INFO  o.s.s.c.ThreadPoolTaskExecutor - Initializing ExecutorService 'applicationTaskExecutor'
09:33:20.562 logback [main] INFO  o.s.b.a.w.s.WelcomePageHandlerMapping - Adding welcome page: class path resource [static/index.html]
09:33:20.692 logback [main] INFO  o.a.coyote.http11.Http11NioProtocol - Starting ProtocolHandler ["http-nio-8080"]
09:33:20.719 logback [main] INFO  o.s.b.w.e.tomcat.TomcatWebServer - Tomcat started on port(s): 8080 (http) with context path ''
09:33:20.723 logback [main] INFO  com.example.demo.DemoApplication - Started DemoApplication in 3.263 seconds (JVM running for 4.696)
09:33:34.108 logback [http-nio-8080-exec-1] INFO  o.a.c.c.C.[Tomcat].[localhost].[/] - Initializing Spring DispatcherServlet 'dispatcherServlet'
09:33:34.108 logback [http-nio-8080-exec-1] INFO  o.s.web.servlet.DispatcherServlet - Initializing Servlet 'dispatcherServlet'
09:33:34.119 logback [http-nio-8080-exec-1] INFO  o.s.web.servlet.DispatcherServlet - Completed initialization in 11 ms
20:17:47.264 logback [main] INFO  com.example.demo.DemoApplication - Starting DemoApplication on LAPTOP-V92G2TFM with PID 11316 (D:\develop\qxproject\target\classes started by tqy in D:\develop\qxproject)
20:17:47.268 logback [main] INFO  com.example.demo.DemoApplication - No active profile set, falling back to default profiles: default
20:17:47.687 logback [main] WARN  o.s.b.w.s.c.AnnotationConfigServletWebServerApplicationContext - Exception encountered during context initialization - cancelling refresh attempt: org.springframework.beans.factory.BeanDefinitionStoreException: Failed to parse configuration class [com.example.demo.DemoApplication]; nested exception is org.springframework.context.annotation.ConflictingBeanDefinitionException: Annotation-specified bean name 'meterialService' for bean class [com.example.demo.service.impl.MeterialService] conflicts with existing, non-compatible bean definition of same name and class [com.example.demo.service.MeterialService]
20:17:47.725 logback [main] ERROR o.s.boot.SpringApplication - Application run failed
org.springframework.beans.factory.BeanDefinitionStoreException: Failed to parse configuration class [com.example.demo.DemoApplication]; nested exception is org.springframework.context.annotation.ConflictingBeanDefinitionException: Annotation-specified bean name 'meterialService' for bean class [com.example.demo.service.impl.MeterialService] conflicts with existing, non-compatible bean definition of same name and class [com.example.demo.service.MeterialService]
	at org.springframework.context.annotation.ConfigurationClassParser.parse(ConfigurationClassParser.java:181)
	at org.springframework.context.annotation.ConfigurationClassPostProcessor.processConfigBeanDefinitions(ConfigurationClassPostProcessor.java:315)
	at org.springframework.context.annotation.ConfigurationClassPostProcessor.postProcessBeanDefinitionRegistry(ConfigurationClassPostProcessor.java:232)
	at org.springframework.context.support.PostProcessorRegistrationDelegate.invokeBeanDefinitionRegistryPostProcessors(PostProcessorRegistrationDelegate.java:275)
	at org.springframework.context.support.PostProcessorRegistrationDelegate.invokeBeanFactoryPostProcessors(PostProcessorRegistrationDelegate.java:95)
	at org.springframework.context.support.AbstractApplicationContext.invokeBeanFactoryPostProcessors(AbstractApplicationContext.java:705)
	at org.springframework.context.support.AbstractApplicationContext.refresh(AbstractApplicationContext.java:531)
	at org.springframework.boot.web.servlet.context.ServletWebServerApplicationContext.refresh(ServletWebServerApplicationContext.java:142)
	at org.springframework.boot.SpringApplication.refresh(SpringApplication.java:775)
	at org.springframework.boot.SpringApplication.refreshContext(SpringApplication.java:397)
	at org.springframework.boot.SpringApplication.run(SpringApplication.java:316)
	at org.springframework.boot.SpringApplication.run(SpringApplication.java:1260)
	at org.springframework.boot.SpringApplication.run(SpringApplication.java:1248)
	at com.example.demo.DemoApplication.main(DemoApplication.java:12)
Caused by: org.springframework.context.annotation.ConflictingBeanDefinitionException: Annotation-specified bean name 'meterialService' for bean class [com.example.demo.service.impl.MeterialService] conflicts with existing, non-compatible bean definition of same name and class [com.example.demo.service.MeterialService]
	at org.springframework.context.annotation.ClassPathBeanDefinitionScanner.checkCandidate(ClassPathBeanDefinitionScanner.java:348)
	at org.springframework.context.annotation.ClassPathBeanDefinitionScanner.doScan(ClassPathBeanDefinitionScanner.java:286)
	at org.springframework.context.annotation.ComponentScanAnnotationParser.parse(ComponentScanAnnotationParser.java:132)
	at org.springframework.context.annotation.ConfigurationClassParser.doProcessConfigurationClass(ConfigurationClassParser.java:287)
	at org.springframework.context.annotation.ConfigurationClassParser.processConfigurationClass(ConfigurationClassParser.java:242)
	at org.springframework.context.annotation.ConfigurationClassParser.parse(ConfigurationClassParser.java:199)
	at org.springframework.context.annotation.ConfigurationClassParser.parse(ConfigurationClassParser.java:167)
	... 13 common frames omitted
20:18:57.008 logback [main] INFO  com.example.demo.DemoApplication - Starting DemoApplication on LAPTOP-V92G2TFM with PID 16392 (D:\develop\qxproject\target\classes started by tqy in D:\develop\qxproject)
20:18:57.013 logback [main] INFO  com.example.demo.DemoApplication - No active profile set, falling back to default profiles: default
20:18:58.602 logback [main] INFO  o.s.b.w.e.tomcat.TomcatWebServer - Tomcat initialized with port(s): 8080 (http)
20:18:58.618 logback [main] INFO  o.a.coyote.http11.Http11NioProtocol - Initializing ProtocolHandler ["http-nio-8080"]
20:18:58.631 logback [main] INFO  o.a.catalina.core.StandardService - Starting service [Tomcat]
20:18:58.631 logback [main] INFO  o.a.catalina.core.StandardEngine - Starting Servlet engine: [Apache Tomcat/9.0.17]
20:18:58.738 logback [main] INFO  o.a.c.c.C.[Tomcat].[localhost].[/] - Initializing Spring embedded WebApplicationContext
20:18:58.738 logback [main] INFO  o.s.web.context.ContextLoader - Root WebApplicationContext: initialization completed in 1665 ms
20:18:58.797 logback [main] WARN  o.s.b.w.s.c.AnnotationConfigServletWebServerApplicationContext - Exception encountered during context initialization - cancelling refresh attempt: org.springframework.beans.factory.UnsatisfiedDependencyException: Error creating bean with name 'menuController': Unsatisfied dependency expressed through field 'menuService'; nested exception is org.springframework.beans.factory.NoSuchBeanDefinitionException: No qualifying bean of type 'com.example.demo.service.MenuService' available: expected at least 1 bean which qualifies as autowire candidate. Dependency annotations: {@org.springframework.beans.factory.annotation.Autowired(required=true)}
20:18:58.799 logback [main] INFO  o.a.catalina.core.StandardService - Stopping service [Tomcat]
20:18:58.817 logback [main] INFO  o.s.b.a.l.ConditionEvaluationReportLoggingListener - 

Error starting ApplicationContext. To display the conditions report re-run your application with 'debug' enabled.
20:18:58.953 logback [main] ERROR o.s.b.d.LoggingFailureAnalysisReporter - 

***************************
APPLICATION FAILED TO START
***************************

Description:

Field menuService in com.example.demo.controller.MenuController required a bean of type 'com.example.demo.service.MenuService' that could not be found.

The injection point has the following annotations:
	- @org.springframework.beans.factory.annotation.Autowired(required=true)


Action:

Consider defining a bean of type 'com.example.demo.service.MenuService' in your configuration.

20:19:39.613 logback [main] INFO  com.example.demo.DemoApplication - Starting DemoApplication on LAPTOP-V92G2TFM with PID 6692 (D:\develop\qxproject\target\classes started by tqy in D:\develop\qxproject)
20:19:39.618 logback [main] INFO  com.example.demo.DemoApplication - No active profile set, falling back to default profiles: default
20:19:41.118 logback [main] INFO  o.s.b.w.e.tomcat.TomcatWebServer - Tomcat initialized with port(s): 8080 (http)
20:19:41.134 logback [main] INFO  o.a.coyote.http11.Http11NioProtocol - Initializing ProtocolHandler ["http-nio-8080"]
20:19:41.146 logback [main] INFO  o.a.catalina.core.StandardService - Starting service [Tomcat]
20:19:41.146 logback [main] INFO  o.a.catalina.core.StandardEngine - Starting Servlet engine: [Apache Tomcat/9.0.17]
20:19:41.264 logback [main] INFO  o.a.c.c.C.[Tomcat].[localhost].[/] - Initializing Spring embedded WebApplicationContext
20:19:41.264 logback [main] INFO  o.s.web.context.ContextLoader - Root WebApplicationContext: initialization completed in 1580 ms
20:19:42.009 logback [main] INFO  o.s.s.c.ThreadPoolTaskExecutor - Initializing ExecutorService 'applicationTaskExecutor'
20:19:42.126 logback [main] INFO  o.s.b.a.w.s.WelcomePageHandlerMapping - Adding welcome page: class path resource [static/index.html]
20:19:42.246 logback [main] INFO  o.a.coyote.http11.Http11NioProtocol - Starting ProtocolHandler ["http-nio-8080"]
20:19:42.273 logback [main] INFO  o.s.b.w.e.tomcat.TomcatWebServer - Tomcat started on port(s): 8080 (http) with context path ''
20:19:42.276 logback [main] INFO  com.example.demo.DemoApplication - Started DemoApplication in 3.134 seconds (JVM running for 4.117)
20:20:13.769 logback [http-nio-8080-exec-1] INFO  o.a.c.c.C.[Tomcat].[localhost].[/] - Initializing Spring DispatcherServlet 'dispatcherServlet'
20:20:13.769 logback [http-nio-8080-exec-1] INFO  o.s.web.servlet.DispatcherServlet - Initializing Servlet 'dispatcherServlet'
20:20:13.776 logback [http-nio-8080-exec-1] INFO  o.s.web.servlet.DispatcherServlet - Completed initialization in 7 ms
20:20:19.725 logback [http-nio-8080-exec-3] INFO  com.zaxxer.hikari.HikariDataSource - HikariPool-1 - Starting...
20:20:20.510 logback [http-nio-8080-exec-3] INFO  com.zaxxer.hikari.HikariDataSource - HikariPool-1 - Start completed.
20:46:29.907 logback [main] INFO  com.example.demo.DemoApplication - Starting DemoApplication on LAPTOP-V92G2TFM with PID 13936 (D:\develop\qxproject\target\classes started by tqy in D:\develop\qxproject)
20:46:29.910 logback [main] INFO  com.example.demo.DemoApplication - No active profile set, falling back to default profiles: default
20:46:31.203 logback [main] INFO  o.s.b.w.e.tomcat.TomcatWebServer - Tomcat initialized with port(s): 8080 (http)
20:46:31.215 logback [main] INFO  o.a.coyote.http11.Http11NioProtocol - Initializing ProtocolHandler ["http-nio-8080"]
20:46:31.224 logback [main] INFO  o.a.catalina.core.StandardService - Starting service [Tomcat]
20:46:31.224 logback [main] INFO  o.a.catalina.core.StandardEngine - Starting Servlet engine: [Apache Tomcat/9.0.17]
20:46:31.335 logback [main] INFO  o.a.c.c.C.[Tomcat].[localhost].[/] - Initializing Spring embedded WebApplicationContext
20:46:31.336 logback [main] INFO  o.s.web.context.ContextLoader - Root WebApplicationContext: initialization completed in 1377 ms
20:46:31.949 logback [main] INFO  o.s.s.c.ThreadPoolTaskExecutor - Initializing ExecutorService 'applicationTaskExecutor'
20:46:32.058 logback [main] INFO  o.s.b.a.w.s.WelcomePageHandlerMapping - Adding welcome page: class path resource [static/index.html]
20:46:32.171 logback [main] INFO  o.a.coyote.http11.Http11NioProtocol - Starting ProtocolHandler ["http-nio-8080"]
20:46:32.196 logback [main] INFO  o.s.b.w.e.tomcat.TomcatWebServer - Tomcat started on port(s): 8080 (http) with context path ''
20:46:32.200 logback [main] INFO  com.example.demo.DemoApplication - Started DemoApplication in 2.705 seconds (JVM running for 3.706)
20:46:50.920 logback [http-nio-8080-exec-1] INFO  o.a.c.c.C.[Tomcat].[localhost].[/] - Initializing Spring DispatcherServlet 'dispatcherServlet'
20:46:50.921 logback [http-nio-8080-exec-1] INFO  o.s.web.servlet.DispatcherServlet - Initializing Servlet 'dispatcherServlet'
20:46:50.928 logback [http-nio-8080-exec-1] INFO  o.s.web.servlet.DispatcherServlet - Completed initialization in 7 ms
20:46:50.970 logback [http-nio-8080-exec-1] INFO  com.zaxxer.hikari.HikariDataSource - HikariPool-1 - Starting...
20:46:51.468 logback [http-nio-8080-exec-1] INFO  com.zaxxer.hikari.HikariDataSource - HikariPool-1 - Start completed.
